<?xml version="1.0" encoding="UTF-8"?>
<!-- Generated by org.testng.reporters.JUnitReportReporter -->
<testsuite hostname="DESKTOP-5ML1NP2" failures="0" tests="2" name="testRunner.TestngTestRunner" time="123.080" errors="0" timestamp="2024-03-05T17:53:23 IST" skipped="0">
  <testcase classname="testRunner.TestngTestRunner" name="runScenario" time="88.751"/>
  <system-out/>
  <testcase classname="testRunner.TestngTestRunner" name="runScenario" time="34.329"/>
  <system-out/>
</testsuite> <!-- testRunner.TestngTestRunner -->
